<?xml version="1.0" encoding="UTF-8"?>
<!-- Generated by org.testng.reporters.JUnitReportReporter -->
<testsuite hostname="DESKTOP-RKV6N2J" failures="0" tests="1" name="com.ibm.tests.Test2" time="24.404" errors="0" timestamp="2023-03-07T10:36:39 GMT" skipped="0">
  <testcase classname="com.ibm.tests.Test2" name="verifyTitle" time="24.404"/>
  <system-out/>
</testsuite> <!-- com.ibm.tests.Test2 -->
